<?xml version="1.0" encoding="UTF-8"?>
<testng-results ignored="0" total="1" passed="1" failed="0" skipped="0">
  <reporter-output>
  </reporter-output>
  <suite started-at="2022-02-19T18:53:27 CAT" name="Default suite" finished-at="2022-02-19T18:54:42 CAT" duration-ms="74976">
    <groups>
    </groups>
    <test started-at="2022-02-19T18:53:27 CAT" name="Default test" finished-at="2022-02-19T18:54:42 CAT" duration-ms="74976">
      <class name="Demo.FirstExample">
        <test-method signature="test1()[pri:0, instance:Demo.FirstExample@57d7f8ca]" started-at="2022-02-19T18:53:27 CAT" name="test1" finished-at="2022-02-19T18:54:42 CAT" duration-ms="74884" status="PASS">
          <reporter-output>
          </reporter-output>
        </test-method> <!-- test1 -->
      </class> <!-- Demo.FirstExample -->
    </test> <!-- Default test -->
  </suite> <!-- Default suite -->
</testng-results>
